<?xml version="1.0" encoding="utf-8"?><testsuites name="pytest tests"><testsuite name="pytest" errors="0" failures="0" skipped="0" tests="10" time="2.028" timestamp="2026-07-06T12:22:08.157967+00:00" hostname="agent-env-1688ccb8-51f4-4d5a-b1af-bcabbaca772a"><testcase classname="backend.tests.test_auth_google.TestLegacySessionRemoved" name="test_post_auth_session_returns_404" time="0.316" /><testcase classname="backend.tests.test_auth_google.TestLegacySessionRemoved" name="test_post_auth_session_no_body_still_404" time="0.133" /><testcase classname="backend.tests.test_auth_google.TestGoogleEnvConfigured" name="test_google_web_client_id_non_empty_in_env" time="0.000" /><testcase classname="backend.tests.test_auth_google.TestGoogleEnvConfigured" name="test_google_endpoint_is_reachable" time="0.135" /><testcase classname="backend.tests.test_auth_google.TestGoogleValidation" name="test_missing_id_token_422" time="0.095" /><testcase classname="backend.tests.test_auth_google.TestGoogleValidation" name="test_wrong_type_id_token_422" time="0.098" /><testcase classname="backend.tests.test_auth_google.TestGoogleValidation" name="test_invalid_id_token_401" time="0.161" /><testcase classname="backend.tests.test_auth_google.TestGoogleValidation" name="test_random_string_401" time="0.126" /><testcase classname="backend.tests.test_auth_google.TestGoogleValidation" name="test_jwt_signed_with_other_key_401" time="0.163" /><testcase classname="backend.tests.test_auth_google.TestLogoutRevokesSessions" name="test_logout_revokes_local_session" time="0.773" /></testsuite></testsuites>