<?xml version="1.0" encoding="utf-8"?><testsuites name="pytest tests"><testsuite name="pytest" errors="0" failures="0" skipped="0" tests="14" time="8.861" timestamp="2026-07-03T22:18:36.228441+00:00" hostname="agent-env-1688ccb8-51f4-4d5a-b1af-bcabbaca772a"><testcase classname="tests.test_auth_local.TestRegister" name="test_register_success" time="0.586" /><testcase classname="tests.test_auth_local.TestRegister" name="test_register_duplicate_email_400" time="0.423" /><testcase classname="tests.test_auth_local.TestRegister" name="test_register_short_password_422" time="0.093" /><testcase classname="tests.test_auth_local.TestLogin" name="test_login_admin_success" time="0.445" /><testcase classname="tests.test_auth_local.TestLogin" name="test_login_wrong_password_400" time="0.651" /><testcase classname="tests.test_auth_local.TestLogin" name="test_login_nonexistent_email_400" time="0.108" /><testcase classname="tests.test_auth_local.TestRateLimit" name="test_login_rate_limit_429_on_sixth" time="2.023" /><testcase classname="tests.test_auth_local.TestForgotPassword" name="test_forgot_password_registered_creates_reset_entry" time="0.424" /><testcase classname="tests.test_auth_local.TestForgotPassword" name="test_forgot_password_unregistered_same_message" time="0.313" /><testcase classname="tests.test_auth_local.TestResetPassword" name="test_reset_password_valid_token_updates_and_revokes_sessions" time="1.529" /><testcase classname="tests.test_auth_local.TestResetPassword" name="test_reset_password_invalid_token_400" time="0.096" /><testcase classname="tests.test_auth_local.TestResetPassword" name="test_reset_password_reused_token_400" time="0.743" /><testcase classname="tests.test_auth_local.TestAdminJWTCompat" name="test_admin_endpoints_work_with_login_jwt" time="1.058" /><testcase classname="tests.test_auth_local.TestAdminSeedIdempotent" name="test_admin_seed_survives_and_login_still_works" time="0.331" /></testsuite></testsuites>