<?xml version="1.0" encoding="utf-8"?><testsuites name="pytest tests"><testsuite name="pytest" errors="0" failures="0" skipped="0" tests="52" time="13.217" timestamp="2026-07-06T12:22:51.025440+00:00" hostname="agent-env-1688ccb8-51f4-4d5a-b1af-bcabbaca772a"><testcase classname="backend.tests.test_auth_google.TestLegacySessionRemoved" name="test_post_auth_session_returns_404" time="0.184" /><testcase classname="backend.tests.test_auth_google.TestLegacySessionRemoved" name="test_post_auth_session_no_body_still_404" time="0.106" /><testcase classname="backend.tests.test_auth_google.TestGoogleEnvConfigured" name="test_google_web_client_id_non_empty_in_env" time="0.000" /><testcase classname="backend.tests.test_auth_google.TestGoogleEnvConfigured" name="test_google_endpoint_is_reachable" time="0.102" /><testcase classname="backend.tests.test_auth_google.TestGoogleValidation" name="test_missing_id_token_422" time="0.094" /><testcase classname="backend.tests.test_auth_google.TestGoogleValidation" name="test_wrong_type_id_token_422" time="0.107" /><testcase classname="backend.tests.test_auth_google.TestGoogleValidation" name="test_invalid_id_token_401" time="0.161" /><testcase classname="backend.tests.test_auth_google.TestGoogleValidation" name="test_random_string_401" time="0.124" /><testcase classname="backend.tests.test_auth_google.TestGoogleValidation" name="test_jwt_signed_with_other_key_401" time="0.132" /><testcase classname="backend.tests.test_auth_google.TestLogoutRevokesSessions" name="test_logout_revokes_local_session" time="0.624" /><testcase classname="backend.tests.test_auth_local.TestRegister" name="test_register_success" time="0.424" /><testcase classname="backend.tests.test_auth_local.TestRegister" name="test_register_duplicate_email_400" time="0.417" /><testcase classname="backend.tests.test_auth_local.TestRegister" name="test_register_short_password_422" time="0.097" /><testcase classname="backend.tests.test_auth_local.TestLogin" name="test_login_admin_success" time="0.419" /><testcase classname="backend.tests.test_auth_local.TestLogin" name="test_login_wrong_password_400" time="0.643" /><testcase classname="backend.tests.test_auth_local.TestLogin" name="test_login_nonexistent_email_400" time="0.096" /><testcase classname="backend.tests.test_auth_local.TestRateLimit" name="test_login_rate_limit_429_on_sixth" time="2.074" /><testcase classname="backend.tests.test_auth_local.TestForgotPassword" name="test_forgot_password_registered_creates_reset_entry" time="0.699" /><testcase classname="backend.tests.test_auth_local.TestForgotPassword" name="test_forgot_password_unregistered_same_message" time="0.348" /><testcase classname="backend.tests.test_auth_local.TestResetPassword" name="test_reset_password_valid_token_updates_and_revokes_sessions" time="1.492" /><testcase classname="backend.tests.test_auth_local.TestResetPassword" name="test_reset_password_invalid_token_400" time="0.099" /><testcase classname="backend.tests.test_auth_local.TestResetPassword" name="test_reset_password_reused_token_400" time="0.762" /><testcase classname="backend.tests.test_auth_local.TestAdminJWTCompat" name="test_admin_endpoints_work_with_login_jwt" time="1.074" /><testcase classname="backend.tests.test_auth_local.TestAdminSeedIdempotent" name="test_admin_seed_survives_and_login_still_works" time="0.326" /><testcase classname="backend.tests.test_trivia_backend.TestHealth" name="test_root" time="0.092" /><testcase classname="backend.tests.test_trivia_backend.TestHealth" name="test_ranking_public" time="0.046" /><testcase classname="backend.tests.test_trivia_backend.TestAuth" name="test_legacy_session_endpoint_removed" time="0.046" /><testcase classname="backend.tests.test_trivia_backend.TestAuth" name="test_invalid_google_id_token" time="0.115" /><testcase classname="backend.tests.test_trivia_backend.TestAuth" name="test_me_unauth" time="0.047" /><testcase classname="backend.tests.test_trivia_backend.TestAuth" name="test_me_admin" time="0.050" /><testcase classname="backend.tests.test_trivia_backend.TestProtected401" name="test_requires_auth[GET-/api/auth/me]" time="0.041" /><testcase classname="backend.tests.test_trivia_backend.TestProtected401" name="test_requires_auth[GET-/api/admin/stats]" time="0.044" /><testcase classname="backend.tests.test_trivia_backend.TestProtected401" name="test_requires_auth[GET-/api/questions/today]" time="0.044" /><testcase classname="backend.tests.test_trivia_backend.TestProtected401" name="test_requires_auth[GET-/api/admin/users]" time="0.043" /><testcase classname="backend.tests.test_trivia_backend.TestProtected401" name="test_requires_auth[GET-/api/admin/questions]" time="0.044" /><testcase classname="backend.tests.test_trivia_backend.TestProtected401" name="test_requires_auth[GET-/api/admin/prizes]" time="0.044" /><testcase classname="backend.tests.test_trivia_backend.TestProtected401" name="test_requires_auth[POST-/api/answers]" time="0.043" /><testcase classname="backend.tests.test_trivia_backend.TestForbiddenNonAdmin" name="test_non_admin_stats" time="0.050" /><testcase classname="backend.tests.test_trivia_backend.TestForbiddenNonAdmin" name="test_non_admin_users" time="0.042" /><testcase classname="backend.tests.test_trivia_backend.TestAdminSeed" name="test_admin_exists_in_mongo" time="0.004" /><testcase classname="backend.tests.test_trivia_backend.TestAdminSeed" name="test_at_least_8_seed_questions" time="0.003" /><testcase classname="backend.tests.test_trivia_backend.TestAdminBasic" name="test_stats" time="0.047" /><testcase classname="backend.tests.test_trivia_backend.TestAdminBasic" name="test_list_users" time="0.048" /><testcase classname="backend.tests.test_trivia_backend.TestAdminBasic" name="test_get_settings" time="0.051" /><testcase classname="backend.tests.test_trivia_backend.TestAdminBasic" name="test_update_settings" time="0.091" /><testcase classname="backend.tests.test_trivia_backend.TestAdminBasic" name="test_get_schedule_today" time="0.051" /><testcase classname="backend.tests.test_trivia_backend.TestQuestionsCRUD" name="test_full_crud" time="0.299" /><testcase classname="backend.tests.test_trivia_backend.TestE2EAnswerFlow" name="test_flow" time="0.489" /><testcase classname="backend.tests.test_trivia_backend.TestPrizesAndImage" name="test_prize_crud_with_image" time="0.267" /><testcase classname="backend.tests.test_trivia_backend.TestRaffles" name="test_weekly_raffle" time="0.193" /><testcase classname="backend.tests.test_trivia_backend.TestRaffles" name="test_active_raffle" time="0.149" /><testcase classname="backend.tests.test_trivia_backend.TestNotification" name="test_send_notification" time="0.058" /></testsuite></testsuites>